29.06.2022 22:29:06	PriceApprovalManagerLogger	[INFO]	ServicesMain is terminating
29.06.2022 22:29:06	PriceApprovalManagerLogger	[INFO]	ServicesUser is terminating
29.06.2022 22:29:06	PriceApprovalManagerLogger	[INFO]	AppContext is terminating
29.06.2022 22:29:06	PriceApprovalManagerLogger	[INFO]	ResizeView is terminating
29.06.2022 22:29:06	PriceApprovalManagerLogger	[INFO]	PriceApprovalView is terminating
29.06.2022 22:29:06	PriceApprovalManagerLogger	[INFO]	AppPresenter is terminating
29.06.2022 22:34:32	PriceApprovalManagerLogger	[INFO]	ServicesMain is terminating
29.06.2022 22:34:32	PriceApprovalManagerLogger	[INFO]	ServicesUser is terminating
29.06.2022 22:34:32	PriceApprovalManagerLogger	[INFO]	AppContext is terminating
29.06.2022 22:34:32	PriceApprovalManagerLogger	[INFO]	ResizeView is terminating
29.06.2022 22:34:32	PriceApprovalManagerLogger	[INFO]	PriceApprovalView is terminating
29.06.2022 22:34:32	PriceApprovalManagerLogger	[INFO]	AppPresenter is terminating
29.06.2022 22:37:12	PriceApprovalManagerLogger	[INFO]	ServicesMain is terminating
29.06.2022 22:37:12	PriceApprovalManagerLogger	[INFO]	ServicesUser is terminating
29.06.2022 22:37:12	PriceApprovalManagerLogger	[INFO]	AppContext is terminating
29.06.2022 22:37:12	PriceApprovalManagerLogger	[INFO]	ResizeView is terminating
29.06.2022 22:37:12	PriceApprovalManagerLogger	[INFO]	PriceApprovalView is terminating
29.06.2022 22:37:12	PriceApprovalManagerLogger	[INFO]	AppPresenter is terminating
29.06.2022 22:37:32	PriceApprovalManagerLogger	[INFO]	ServicesMain is terminating
29.06.2022 22:37:32	PriceApprovalManagerLogger	[INFO]	ServicesUser is terminating
29.06.2022 22:37:32	PriceApprovalManagerLogger	[INFO]	AppContext is terminating
29.06.2022 22:37:32	PriceApprovalManagerLogger	[INFO]	ResizeView is terminating
29.06.2022 22:37:32	PriceApprovalManagerLogger	[INFO]	PriceApprovalView is terminating
29.06.2022 22:37:32	PriceApprovalManagerLogger	[INFO]	AppPresenter is terminating
29.06.2022 22:38:12	PriceApprovalManagerLogger	[INFO]	ServicesMain is terminating
29.06.2022 22:38:12	PriceApprovalManagerLogger	[INFO]	ServicesUser is terminating
29.06.2022 22:38:12	PriceApprovalManagerLogger	[INFO]	AppContext is terminating
29.06.2022 22:38:12	PriceApprovalManagerLogger	[INFO]	ResizeView is terminating
29.06.2022 22:38:12	PriceApprovalManagerLogger	[INFO]	PriceApprovalView is terminating
29.06.2022 22:38:12	PriceApprovalManagerLogger	[INFO]	AppPresenter is terminating
29.06.2022 22:38:47	PriceApprovalManagerLogger	[INFO]	ServicesMain is terminating
29.06.2022 22:38:47	PriceApprovalManagerLogger	[INFO]	ServicesUser is terminating
29.06.2022 22:38:47	PriceApprovalManagerLogger	[INFO]	AppContext is terminating
29.06.2022 22:38:47	PriceApprovalManagerLogger	[INFO]	ResizeView is terminating
29.06.2022 22:38:47	PriceApprovalManagerLogger	[INFO]	PriceApprovalView is terminating
29.06.2022 22:38:47	PriceApprovalManagerLogger	[INFO]	AppPresenter is terminating
29.06.2022 22:39:06	PriceApprovalManagerLogger	[INFO]	ServicesMain is terminating
29.06.2022 22:39:06	PriceApprovalManagerLogger	[INFO]	ServicesUser is terminating
29.06.2022 22:39:06	PriceApprovalManagerLogger	[INFO]	AppContext is terminating
29.06.2022 22:39:06	PriceApprovalManagerLogger	[INFO]	ResizeView is terminating
29.06.2022 22:39:06	PriceApprovalManagerLogger	[INFO]	PriceApprovalView is terminating
29.06.2022 22:39:06	PriceApprovalManagerLogger	[INFO]	AppPresenter is terminating
29.06.2022 22:44:33	PriceApprovalManagerLogger	[INFO]	ServicesMain is terminating
29.06.2022 22:44:33	PriceApprovalManagerLogger	[INFO]	ServicesUser is terminating
29.06.2022 22:44:33	PriceApprovalManagerLogger	[INFO]	AppContext is terminating
29.06.2022 22:44:33	PriceApprovalManagerLogger	[INFO]	ResizeView is terminating
29.06.2022 22:44:33	PriceApprovalManagerLogger	[INFO]	PriceApprovalView is terminating
29.06.2022 22:44:33	PriceApprovalManagerLogger	[INFO]	AppPresenter is terminating
29.06.2022 22:45:07	PriceApprovalManagerLogger	[INFO]	ServicesMain is terminating
29.06.2022 22:45:07	PriceApprovalManagerLogger	[INFO]	ServicesUser is terminating
29.06.2022 22:45:07	PriceApprovalManagerLogger	[INFO]	AppContext is terminating
29.06.2022 22:45:07	PriceApprovalManagerLogger	[INFO]	ResizeView is terminating
29.06.2022 22:45:07	PriceApprovalManagerLogger	[INFO]	PriceApprovalView is terminating
29.06.2022 22:45:07	PriceApprovalManagerLogger	[INFO]	AppPresenter is terminating
